  main.cpp
E:\opencv\CameraCalibration\CameraCalibration\main.cpp(73,15): warning C4244:  “=”: 从“_Tp”转换到“_Tp”，可能丢失数据
E:\opencv\CameraCalibration\CameraCalibration\main.cpp(73,15): warning C4244:         with
E:\opencv\CameraCalibration\CameraCalibration\main.cpp(73,15): warning C4244:         [
E:\opencv\CameraCalibration\CameraCalibration\main.cpp(73,15): warning C4244:             _Tp=int
E:\opencv\CameraCalibration\CameraCalibration\main.cpp(73,15): warning C4244:         ]
E:\opencv\CameraCalibration\CameraCalibration\main.cpp(73,15): warning C4244:         and
E:\opencv\CameraCalibration\CameraCalibration\main.cpp(73,15): warning C4244:         [
E:\opencv\CameraCalibration\CameraCalibration\main.cpp(73,15): warning C4244:             _Tp=float
E:\opencv\CameraCalibration\CameraCalibration\main.cpp(73,15): warning C4244:         ]
E:\opencv\CameraCalibration\CameraCalibration\main.cpp(74,15): warning C4244:  “=”: 从“_Tp”转换到“_Tp”，可能丢失数据
E:\opencv\CameraCalibration\CameraCalibration\main.cpp(74,15): warning C4244:         with
E:\opencv\CameraCalibration\CameraCalibration\main.cpp(74,15): warning C4244:         [
E:\opencv\CameraCalibration\CameraCalibration\main.cpp(74,15): warning C4244:             _Tp=int
E:\opencv\CameraCalibration\CameraCalibration\main.cpp(74,15): warning C4244:         ]
E:\opencv\CameraCalibration\CameraCalibration\main.cpp(74,15): warning C4244:         and
E:\opencv\CameraCalibration\CameraCalibration\main.cpp(74,15): warning C4244:         [
E:\opencv\CameraCalibration\CameraCalibration\main.cpp(74,15): warning C4244:             _Tp=float
E:\opencv\CameraCalibration\CameraCalibration\main.cpp(74,15): warning C4244:         ]
E:\opencv\CameraCalibration\CameraCalibration\main.cpp(136,45): warning C4267:  “初始化”: 从“size_t”转换到“int”，可能丢失数据
  正在生成代码
  1 of 624 functions ( 0.2%) were compiled, the rest were copied from previous compilation.
    0 functions were new in current compilation
    0 functions had inline decision re-evaluated but remain unchanged
  已完成代码的生成
  CameraCalibration.vcxproj -> E:\opencv\CameraCalibration\x64\Release\CameraCalibration.exe
